[0;32mInfo: Using configured environment 'production'[0m
[0;32mInfo: Retrieving pluginfacts[0m
[0;32mInfo: Retrieving plugin[0m
[mNotice: /File[/opt/puppetlabs/puppet/cache/lib/facter/mysql_server_id.rb]/ensure: defined content as '{md5}10de205ca9dc83b68cf63b52d97346ec'[0m
[mNotice: /File[/opt/puppetlabs/puppet/cache/lib/facter/mysql_version.rb]/ensure: defined content as '{md5}e30648f3d394a1cbdd4e54eb5c28d28c'[0m
[mNotice: /File[/opt/puppetlabs/puppet/cache/lib/facter/mysqld_version.rb]/ensure: defined content as '{md5}961bc81ee08675f82a7e05c0894d238a'[0m
[mNotice: /File[/opt/puppetlabs/puppet/cache/lib/facter/staging_http_get.rb]/ensure: defined content as '{md5}07b6449105e1f314e06f83e37c8d07d3'[0m
[mNotice: /File[/opt/puppetlabs/puppet/cache/lib/facter/staging_windir.rb]/ensure: defined content as '{md5}8fc9fd906d84f91eed9a90a32f2843b6'[0m
[mNotice: /File[/opt/puppetlabs/puppet/cache/lib/puppet/parser/functions/mysql_deepmerge.rb]/ensure: defined content as '{md5}2b5040ee8cd75a81cf881851e922833a'[0m
[mNotice: /File[/opt/puppetlabs/puppet/cache/lib/puppet/parser/functions/mysql_dirname.rb]/ensure: defined content as '{md5}820ba09a6a0df639da560b41cb31242f'[0m
[mNotice: /File[/opt/puppetlabs/puppet/cache/lib/puppet/parser/functions/mysql_password.rb]/ensure: defined content as '{md5}365a0ba55f0d04d0f5d56abcd577ec7d'[0m
[mNotice: /File[/opt/puppetlabs/puppet/cache/lib/puppet/parser/functions/mysql_strip_hash.rb]/ensure: defined content as '{md5}3efe69f1eb189b2913e178b8472aaede'[0m
[mNotice: /File[/opt/puppetlabs/puppet/cache/lib/puppet/parser/functions/scope_defaults.rb]/ensure: defined content as '{md5}6ca7e42fa007a6d4090585544314fbc6'[0m
[mNotice: /File[/opt/puppetlabs/puppet/cache/lib/puppet/parser/functions/staging_parse.rb]/ensure: defined content as '{md5}b4fd8d7a375a624b345f1427025c8e84'[0m
[mNotice: /File[/opt/puppetlabs/puppet/cache/lib/puppet/provider/mysql.rb]/ensure: defined content as '{md5}2696893220da9d341d5826c9e9d4ca19'[0m
[mNotice: /File[/opt/puppetlabs/puppet/cache/lib/puppet/provider/mysql_database]/ensure: created[0m
[mNotice: /File[/opt/puppetlabs/puppet/cache/lib/puppet/provider/mysql_database/mysql.rb]/ensure: defined content as '{md5}5cf9b8044df4ec72a726b5f781c84f8f'[0m
[mNotice: /File[/opt/puppetlabs/puppet/cache/lib/puppet/provider/mysql_datadir]/ensure: created[0m
[mNotice: /File[/opt/puppetlabs/puppet/cache/lib/puppet/provider/mysql_datadir/mysql.rb]/ensure: defined content as '{md5}b37895aae0ef84516a09c36ca0776bcd'[0m
[mNotice: /File[/opt/puppetlabs/puppet/cache/lib/puppet/provider/mysql_grant]/ensure: created[0m
[mNotice: /File[/opt/puppetlabs/puppet/cache/lib/puppet/provider/mysql_grant/mysql.rb]/ensure: defined content as '{md5}3630023349a4c8f06932938a26aaa2e6'[0m
[mNotice: /File[/opt/puppetlabs/puppet/cache/lib/puppet/provider/mysql_plugin]/ensure: created[0m
[mNotice: /File[/opt/puppetlabs/puppet/cache/lib/puppet/provider/mysql_plugin/mysql.rb]/ensure: defined content as '{md5}49128d2a9a547c4945735bfd75fd6d6c'[0m
[mNotice: /File[/opt/puppetlabs/puppet/cache/lib/puppet/provider/mysql_user]/ensure: created[0m
[mNotice: /File[/opt/puppetlabs/puppet/cache/lib/puppet/provider/mysql_user/mysql.rb]/ensure: defined content as '{md5}f66a5d00963e6b6b94b41c366b4494b7'[0m
[mNotice: /File[/opt/puppetlabs/puppet/cache/lib/puppet/type/mysql_database.rb]/ensure: defined content as '{md5}438eafbfecc30605462a220d92cf9603'[0m
[mNotice: /File[/opt/puppetlabs/puppet/cache/lib/puppet/type/mysql_datadir.rb]/ensure: defined content as '{md5}f19e548062e81f424646c193b086aaf6'[0m
[mNotice: /File[/opt/puppetlabs/puppet/cache/lib/puppet/type/mysql_grant.rb]/ensure: defined content as '{md5}afcc65b0394a23e95b8bf932bc6110b4'[0m
[mNotice: /File[/opt/puppetlabs/puppet/cache/lib/puppet/type/mysql_plugin.rb]/ensure: defined content as '{md5}0a52cead6c9283c9aa14ea71bdfa80bd'[0m
[mNotice: /File[/opt/puppetlabs/puppet/cache/lib/puppet/type/mysql_user.rb]/ensure: defined content as '{md5}ccb3e18b85a197822fd67045a520bd0b'[0m
[0;32mInfo: Loading facts[0m
[0;32mInfo: Caching catalog for clientpuppet.minsk.epam.com[0m
[0;32mInfo: Applying configuration version '1474452865'[0m
[mNotice: /Stage[main]/Mysql::Server::Config/File[/etc/my.cnf.d]/ensure: created[0m
[mNotice: /Stage[main]/Mysql::Server::Config/File[mysql-config-file]/content: 
--- /etc/my.cnf	2016-03-22 18:09:45.000000000 +0000
+++ /tmp/puppet-file20160921-6466-kkeurg	2016-09-21 11:14:26.197136015 +0100
@@ -1,10 +1,63 @@
+### MANAGED BY PUPPET ###
+
+[client]
+port = 3306
+socket = /var/lib/mysql/mysql.sock
+
+[isamchk]
+key_buffer_size = 16M
+
 [mysqld]
-datadir=/var/lib/mysql
-socket=/var/lib/mysql/mysql.sock
-user=mysql
-# Disabling symbolic-links is recommended to prevent assorted security risks
-symbolic-links=0
+basedir = /usr
+bind-address = 127.0.0.1
+datadir = /var/lib/mysql
+expire_logs_days = 10
+key_buffer_size = 16M
+log-error = /var/log/mysqld.log
+max_allowed_packet = 16M
+max_binlog_size = 100M
+max_connections = 151
+pid-file = /var/run/mysqld/mysqld.pid
+port = 3306
+query_cache_limit = 1M
+query_cache_size = 16M
+skip-external-locking
+socket = /var/lib/mysql/mysql.sock
+ssl = false
+ssl-ca = /etc/mysql/cacert.pem
+ssl-cert = /etc/mysql/server-cert.pem
+ssl-key = /etc/mysql/server-key.pem
+thread_cache_size = 8
+thread_stack = 256K
+tmpdir = /tmp
+user = mysql
+
+[mysqld-5.0]
+myisam-recover = BACKUP
+
+[mysqld-5.1]
+myisam-recover = BACKUP
+
+[mysqld-5.5]
+myisam-recover = BACKUP
+
+[mysqld-5.6]
+myisam-recover-options = BACKUP
+
+[mysqld-5.7]
+myisam-recover-options = BACKUP
 
 [mysqld_safe]
-log-error=/var/log/mysqld.log
-pid-file=/var/run/mysqld/mysqld.pid
+log-error = /var/log/mysqld.log
+nice = 0
+socket = /var/lib/mysql/mysql.sock
+
+[mysqldump]
+max_allowed_packet = 16M
+quick
+quote-names
+
+
+
+!includedir /etc/my.cnf.d
+
[0m
[0;32mInfo: Computing checksum on file /etc/my.cnf[0m
[0;32mInfo: /Stage[main]/Mysql::Server::Config/File[mysql-config-file]: Filebucketed /etc/my.cnf to puppet with sum 8ace886bbe7e274448bc8bea16d3ead6[0m
[mNotice: /Stage[main]/Mysql::Server::Config/File[mysql-config-file]/content: content changed '{md5}8ace886bbe7e274448bc8bea16d3ead6' to '{md5}4a56a47b135b41f6840bfc3db07b34ee'[0m
[mNotice: /Stage[main]/Mysql::Server::Install/Package[mysql-server]/ensure: created[0m
[mNotice: /Stage[main]/Mysql::Server::Installdb/Mysql_datadir[/var/lib/mysql]/ensure: created[0m
[mNotice: /Stage[main]/Mysql::Server::Service/Service[mysqld]/ensure: ensure changed 'stopped' to 'running'[0m
[0;32mInfo: /Stage[main]/Mysql::Server::Service/Service[mysqld]: Unscheduling refresh on Service[mysqld][0m
[mNotice: /Stage[main]/Main/Node[clientpuppet]/Mysql_database[test_mdb]/ensure: created[0m
[mNotice: /Stage[main]/Main/Node[clientpuppet]/Mysql_user[test_user@localhost]/ensure: created[0m
[mNotice: /Stage[main]/Main/Node[clientpuppet]/Mysql_grant[test_user@localhost/*.*]/privileges: privileges changed ['USAGE'] to 'ALL'[0m
[mNotice: /Stage[main]/Main/Node[clientpuppet]/Mysql_grant[test_user@localhost/*.*]/options: options changed ['NONE'] to 'GRANT'[0m
[mNotice: Applied catalog in 9.36 seconds[0m
